D:\C++\BINARYTREE\BINARYTREE\DEBUG\BINARYTREE.PCH
D:\C++\BINARYTREE\BINARYTREE\DEBUG\STDAFX.OBJ
D:\C++\BINARYTREE\BINARYTREE\DEBUG\VC110.PDB
D:\C++\BINARYTREE\BINARYTREE\DEBUG\BINARYTREE.OBJ
D:\C++\BINARYTREE\DEBUG\BINARYTREE.ILK
D:\C++\BINARYTREE\DEBUG\BINARYTREE.EXE
D:\C++\BINARYTREE\DEBUG\BINARYTREE.PDB
D:\c++\BinaryTree\BinaryTree\Debug\BinaryTree.obj
D:\c++\BinaryTree\BinaryTree\Debug\stdafx.obj
D:\c++\BinaryTree\BinaryTree\Debug\cl.command.1.tlog
D:\c++\BinaryTree\BinaryTree\Debug\CL.read.1.tlog
D:\c++\BinaryTree\BinaryTree\Debug\CL.write.1.tlog
D:\c++\BinaryTree\BinaryTree\Debug\link-cvtres.read.1.tlog
D:\c++\BinaryTree\BinaryTree\Debug\link-cvtres.write.1.tlog
D:\c++\BinaryTree\BinaryTree\Debug\link-rc.read.1.tlog
D:\c++\BinaryTree\BinaryTree\Debug\link-rc.write.1.tlog
D:\c++\BinaryTree\BinaryTree\Debug\link.command.1.tlog
D:\c++\BinaryTree\BinaryTree\Debug\link.read.1.tlog
D:\c++\BinaryTree\BinaryTree\Debug\link.write.1.tlog
D:\c++\BinaryTree\BinaryTree\Debug\BinaryTree.pch
D:\c++\BinaryTree\BinaryTree\Debug\vc110.idb
D:\c++\BinaryTree\BinaryTree\Debug\vc110.pdb
D:\c++\BinaryTree\Debug\BinaryTree.pdb
D:\c++\BinaryTree\Debug\BinaryTree.exe
D:\c++\BinaryTree\Debug\BinaryTree.ilk
